Change Component Designator: OldDesignator=Cx? NewDesignator=Cx1
Change Component Designator: OldDesignator=Cx? NewDesignator=Cx2
Change Component Designator: OldDesignator=HD? NewDesignator=HD
Change Component Designator: OldDesignator=IC? NewDesignator=IC
Change Component Designator: OldDesignator=X? NewDesignator=X
Added Component: Designator=C(CP1.5/3.4)
Add component. Clean all parameters for all variants
Add component (AddParameter): Name = "Description 1"; Value = "1000uF/6,3V - 470uF/16V - 330uF - 25V"; VariantName = "[No Variations]"
Add component (AddParameter): Name = "Description 2"; Value = "220uF/35V - 100uF/50V - 63V - 4,7uF/200V"; VariantName = "[No Variations]"
Add component (AddParameter): Name = "Description 3"; Value = "22uF => 33uF100V - 3,3uF => 4,7uF/250V"; VariantName = "[No Variations]"
Add component (AddParameter): Name = "Description 4"; Value = "2,2uF =>3,3uF/350 - 2,2uF/400V - 1uF/450V"; VariantName = "[No Variations]"
Add component (AddParameter): Name = "Value"; Value = "100uF/35V/50V"; VariantName = "[No Variations]"
Added Component: Designator=LED1(LED-5-Green)
Add component. Clean all parameters for all variants
Add component (AddParameter): Name = "Value"; Value = "LED 3 ly Single Colour"; VariantName = "[No Variations]"
Added Component: Designator=LED2(LED-5-Green)
Add component. Clean all parameters for all variants
Add component (AddParameter): Name = "Value"; Value = "LED 3 ly Single Colour"; VariantName = "[No Variations]"
Added Component: Designator=LED(LED-5-Green)
Add component. Clean all parameters for all variants
Add component (AddParameter): Name = "Value"; Value = "LED 3 ly Single Colour"; VariantName = "[No Variations]"
Added Component: Designator=R1(R1/4W)
Add component. Clean all parameters for all variants
Add component (AddParameter): Name = "Value"; Value = "R1/4W - 1K"; VariantName = "[No Variations]"
Added Component: Designator=R2(R1/4W)
Add component. Clean all parameters for all variants
Add component (AddParameter): Name = "Value"; Value = "R1/4W - 1K"; VariantName = "[No Variations]"
Added Component: Designator=R3(R1/4W)
Add component. Clean all parameters for all variants
Add component (AddParameter): Name = "Value"; Value = "R1/4W - 1K"; VariantName = "[No Variations]"
Added Component: Designator=R4(R1/4W)
Add component. Clean all parameters for all variants
Add component (AddParameter): Name = "Value"; Value = "R1/4W - 1K"; VariantName = "[No Variations]"
Added Component: Designator=R5(R1/4W)
Add component. Clean all parameters for all variants
Add component (AddParameter): Name = "Value"; Value = "R1/4W - 1K"; VariantName = "[No Variations]"
Added Component: Designator=R6(R1/4W)
Add component. Clean all parameters for all variants
Add component (AddParameter): Name = "Value"; Value = "R1/4W - 1K"; VariantName = "[No Variations]"
Added Component: Designator=R7(R1/4W)
Add component. Clean all parameters for all variants
Add component (AddParameter): Name = "Value"; Value = "R1/4W - 1K"; VariantName = "[No Variations]"
Added Component: Designator=SW1(SW4)
Add component. Clean all parameters for all variants
Add component (AddParameter): Name = "Value"; Value = "Button chip 4 pin"; VariantName = "[No Variations]"
Added Component: Designator=SW2(SW4)
Add component. Clean all parameters for all variants
Add component (AddParameter): Name = "Value"; Value = "Button chip 4 pin"; VariantName = "[No Variations]"
Added Component: Designator=SW(SW4)
Add component. Clean all parameters for all variants
Add component (AddParameter): Name = "Value"; Value = "Button chip 4 pin"; VariantName = "[No Variations]"
Added Pin To Net: NetName=GND Pin=HD-7
Added Pin To Net: NetName=GND Pin=HD-8
Added Pin To Net: NetName=GND Pin=HD-9
Added Pin To Net: NetName=GND Pin=HD-10
Added Pin To Net: NetName=GND Pin=LED1-2
Added Pin To Net: NetName=GND Pin=LED2-2
Added Pin To Net: NetName=GND Pin=LED-2
Added Pin To Net: NetName=GND Pin=R2-1
Added Pin To Net: NetName=GND Pin=R6-1
Added Pin To Net: NetName=GND Pin=R7-1
Change Net Name : Old Net Name=NetCx?_2 New Net Name=NetCx1_2
Added Pin To Net: NetName=+5 Pin=C-1
Added Pin To Net: NetName=+5 Pin=HD-6
Added Pin To Net: NetName=+5 Pin=IC-31
Added Pin To Net: NetName=+5 Pin=R1-2
Added Pin To Net: NetName=+5 Pin=R3-2
Added Pin To Net: NetName=+5 Pin=SW1-3
Added Pin To Net: NetName=+5 Pin=SW2-1
Added Net: Name=+5
Added Pin To Net: NetName=NetC_2 Pin=C-2
Added Pin To Net: NetName=NetC_2 Pin=HD-3
Added Pin To Net: NetName=NetC_2 Pin=IC-9
Added Pin To Net: NetName=NetC_2 Pin=R2-2
Added Pin To Net: NetName=NetC_2 Pin=SW-2
Added Net: Name=NetC_2
Added Pin To Net: NetName=NetCx2_2 Pin=Cx2-2
Added Pin To Net: NetName=NetCx2_2 Pin=IC-19
Added Pin To Net: NetName=NetCx2_2 Pin=X-1
Added Net: Name=NetCx2_2
Added Pin To Net: NetName=NetHD_1 Pin=HD-1
Added Pin To Net: NetName=NetHD_1 Pin=IC-6
Added Net: Name=NetHD_1
Added Pin To Net: NetName=NetHD_4 Pin=HD-4
Added Pin To Net: NetName=NetHD_4 Pin=IC-8
Added Net: Name=NetHD_4
Added Pin To Net: NetName=NetHD_5 Pin=HD-5
Added Pin To Net: NetName=NetHD_5 Pin=IC-7
Added Net: Name=NetHD_5
Added Pin To Net: NetName=NetIC_12 Pin=IC-12
Added Pin To Net: NetName=NetIC_12 Pin=SW1-4
Added Net: Name=NetIC_12
Added Pin To Net: NetName=NetIC_14 Pin=IC-14
Added Pin To Net: NetName=NetIC_14 Pin=SW2-2
Added Net: Name=NetIC_14
Added Pin To Net: NetName=NetIC_36 Pin=IC-36
Added Pin To Net: NetName=NetIC_36 Pin=R5-1
Added Net: Name=NetIC_36
Added Pin To Net: NetName=NetIC_39 Pin=IC-39
Added Pin To Net: NetName=NetIC_39 Pin=R4-1
Added Net: Name=NetIC_39
Added Pin To Net: NetName=NetLED1_1 Pin=LED1-1
Added Pin To Net: NetName=NetLED1_1 Pin=R4-2
Added Net: Name=NetLED1_1
Added Pin To Net: NetName=NetLED2_1 Pin=LED2-1
Added Pin To Net: NetName=NetLED2_1 Pin=R5-2
Added Net: Name=NetLED2_1
Added Pin To Net: NetName=NetLED_1 Pin=LED-1
Added Pin To Net: NetName=NetLED_1 Pin=R3-1
Added Net: Name=NetLED_1
Added Pin To Net: NetName=NetR1_1 Pin=R1-1
Added Pin To Net: NetName=NetR1_1 Pin=SW-1
Added Net: Name=NetR1_1
Added Pin To Net: NetName=NetR6_2 Pin=R6-2
Added Pin To Net: NetName=NetR6_2 Pin=SW1-2
Added Net: Name=NetR6_2
Added Pin To Net: NetName=NetR7_2 Pin=R7-2
Added Pin To Net: NetName=NetR7_2 Pin=SW2-4
Added Net: Name=NetR7_2
Added Member To Class: ClassName=Schematic Member=Component C 100uF/35V
Added Member To Class: ClassName=Schematic Member=Component Cx2 33pF
Added Member To Class: ClassName=Schematic Member=Component LED1 LED
Added Member To Class: ClassName=Schematic Member=Component LED2 LED
Added Member To Class: ClassName=Schematic Member=Component LED
Added Member To Class: ClassName=Schematic Member=Component R1 1k
Added Member To Class: ClassName=Schematic Member=Component R2 8.2k
Added Member To Class: ClassName=Schematic Member=Component R3 220
Added Member To Class: ClassName=Schematic Member=Component R4 220
Added Member To Class: ClassName=Schematic Member=Component R5 220
Added Member To Class: ClassName=Schematic Member=Component R6 1k
Added Member To Class: ClassName=Schematic Member=Component R7 1k
Added Member To Class: ClassName=Schematic Member=Component SW1 SW
Added Member To Class: ClassName=Schematic Member=Component SW2 SW
Added Member To Class: ClassName=Schematic Member=Component SW
Added Room: Name=Schematic
