Added Component: Designator=Cx?(CN1)
Add component. Clean all parameters for all variants
Add component (AddParameter): Name = "Value"; Value = "33pF"; VariantName = "[No Variations]"
Added Component: Designator=Cx?(CN1)
Add component. Clean all parameters for all variants
Add component (AddParameter): Name = "Value"; Value = "33pF"; VariantName = "[No Variations]"
Added Component: Designator=HD?(Hed2X5)
Add component. Clean all parameters for all variants
Add component (AddParameter): Name = "Value"; Value = "Header 5x2"; VariantName = "[No Variations]"
Added Component: Designator=IC?(DIP40/W0.6)
Add component. Clean all parameters for all variants
Add component (AddParameter): Name = "Value"; Value = "AT89S52"; VariantName = "[No Variations]"
Added Component: Designator=X?(XT2)
Add component. Clean all parameters for all variants
Add component (AddParameter): Name = "Value"; Value = "4Mhz"; VariantName = "[No Variations]"
Added Pin To Net: NetName=GND Pin=Cx?-1
Added Pin To Net: NetName=GND Pin=Cx?-1
Added Pin To Net: NetName=GND Pin=IC?-20
Added Net: Name=GND
Added Pin To Net: NetName=NetCx?_2 Pin=Cx?-2
Added Pin To Net: NetName=NetCx?_2 Pin=IC?-18
Added Pin To Net: NetName=NetCx?_2 Pin=X?-2
Added Net: Name=NetCx?_2
Added Pin To Net: NetName=VCC Pin=IC?-40
Added Net: Name=VCC
Added Class: Name=Schematic
Added Room: Name=Schematic
