Added Component: Designator=C1(C0805)
Add component. Clean all parameters for all variants
Add component (AddParameter): Name = "LatestRevisionDate"; Value = "17-Jul-2002"; VariantName = "[No Variations]"
Add component (AddParameter): Name = "LatestRevisionNote"; Value = "Re-released for DXP Platform."; VariantName = "[No Variations]"
Add component (AddParameter): Name = "PackageReference"; Value = "RAD-0.3"; VariantName = "[No Variations]"
Add component (AddParameter): Name = "Published"; Value = "8-Jun-2000"; VariantName = "[No Variations]"
Add component (AddParameter): Name = "Publisher"; Value = "Altium Limited"; VariantName = "[No Variations]"
Add component (AddParameter): Name = "Value"; Value = "33p"; VariantName = "[No Variations]"
Added Component: Designator=C2(C0805)
Add component. Clean all parameters for all variants
Add component (AddParameter): Name = "LatestRevisionDate"; Value = "17-Jul-2002"; VariantName = "[No Variations]"
Add component (AddParameter): Name = "LatestRevisionNote"; Value = "Re-released for DXP Platform."; VariantName = "[No Variations]"
Add component (AddParameter): Name = "PackageReference"; Value = "RAD-0.3"; VariantName = "[No Variations]"
Add component (AddParameter): Name = "Published"; Value = "8-Jun-2000"; VariantName = "[No Variations]"
Add component (AddParameter): Name = "Publisher"; Value = "Altium Limited"; VariantName = "[No Variations]"
Add component (AddParameter): Name = "Value"; Value = "33p"; VariantName = "[No Variations]"
Added Component: Designator=C(CAP-ALU-SMD-4.5x5x1.4)
Add component. Clean all parameters for all variants
Add component (AddParameter): Name = "LatestRevisionDate"; Value = "17-Jul-2002"; VariantName = "[No Variations]"
Add component (AddParameter): Name = "LatestRevisionNote"; Value = "Re-released for DXP Platform."; VariantName = "[No Variations]"
Add component (AddParameter): Name = "PackageReference"; Value = "POLAR0.8"; VariantName = "[No Variations]"
Add component (AddParameter): Name = "Published"; Value = "8-Jun-2000"; VariantName = "[No Variations]"
Add component (AddParameter): Name = "Publisher"; Value = "Altium Limited"; VariantName = "[No Variations]"
Added Component: Designator=HD(Hed2X5)
Add component. Clean all parameters for all variants
Add component (AddParameter): Name = "Value"; Value = "Header 5x2"; VariantName = "[No Variations]"
Added Component: Designator=LED1(LED-0805-Red)
Add component. Clean all parameters for all variants
Add component (AddParameter): Name = "Value"; Value = "LED 3 - 5 ly 2 Colour"; VariantName = "[No Variations]"
Added Component: Designator=LED2(LED-0805-Red)
Add component. Clean all parameters for all variants
Add component (AddParameter): Name = "Value"; Value = "LED 3 - 5 ly 2 Colour"; VariantName = "[No Variations]"
Added Component: Designator=LED(LED-0805-Red)
Add component. Clean all parameters for all variants
Add component (AddParameter): Name = "Value"; Value = "LED 3 - 5 ly 2 Colour"; VariantName = "[No Variations]"
Added Component: Designator=R1(SM-RES-0805)
Add component. Clean all parameters for all variants
Add component (AddParameter): Name = "Value"; Value = "R1/4W - 1K"; VariantName = "[No Variations]"
Added Component: Designator=R2(SM-RES-0805)
Add component. Clean all parameters for all variants
Add component (AddParameter): Name = "Value"; Value = "R1/4W - 1K"; VariantName = "[No Variations]"
Added Component: Designator=R3(SM-RES-0805)
Add component. Clean all parameters for all variants
Add component (AddParameter): Name = "Value"; Value = "R1/4W - 1K"; VariantName = "[No Variations]"
Added Component: Designator=R4(R1/4W)
Add component. Clean all parameters for all variants
Add component (AddParameter): Name = "Value"; Value = "R1/4W - 1K"; VariantName = "[No Variations]"
Added Component: Designator=R5(R1/4W)
Add component. Clean all parameters for all variants
Add component (AddParameter): Name = "Value"; Value = "R1/4W - 1K"; VariantName = "[No Variations]"
Added Component: Designator=R6(R1/4W)
Add component. Clean all parameters for all variants
Add component (AddParameter): Name = "Value"; Value = "R1/4W - 1K"; VariantName = "[No Variations]"
Added Component: Designator=R7(R1/4W)
Add component. Clean all parameters for all variants
Add component (AddParameter): Name = "Value"; Value = "R1/4W - 1K"; VariantName = "[No Variations]"
Added Component: Designator=SW1(SW1-SMD)
Add component. Clean all parameters for all variants
Add component (AddParameter): Name = "Value"; Value = "SW chip 2 pin"; VariantName = "[No Variations]"
Added Component: Designator=SW2(SW1-SMD)
Add component. Clean all parameters for all variants
Add component (AddParameter): Name = "Value"; Value = "SW chip 2 pin"; VariantName = "[No Variations]"
Added Component: Designator=SW(SW1-SMD)
Add component. Clean all parameters for all variants
Add component (AddParameter): Name = "Value"; Value = "SW chip 2 pin"; VariantName = "[No Variations]"
Added Component: Designator=U?(TQFP44)
Add component. Clean all parameters for all variants
Add component (AddParameter): Name = "GREEN OPTION"; Value = "YES"; VariantName = "[No Variations]"
Add component (AddParameter): Name = "Package"; Value = "44A 44-lead, Thin Plastic Gull Wing Quad Flatpack (TQFP)"; VariantName = "[No Variations]"
Add component (AddParameter): Name = "PartNr"; Value = "AT89S52-24AU"; VariantName = "[No Variations]"
Add component (AddParameter): Name = "Vendor"; Value = "ATMEL"; VariantName = "[No Variations]"
Added Component: Designator=X(XT2)
Add component. Clean all parameters for all variants
Add component (AddParameter): Name = "Value"; Value = "4Mhz"; VariantName = "[No Variations]"
Added Pin To Net: NetName=GND Pin=C1-1
Added Pin To Net: NetName=GND Pin=C2-1
Added Pin To Net: NetName=VCC Pin=C-1
Added Pin To Net: NetName=NetC_2 Pin=C-2
Added Pin To Net: NetName=NetHD_1 Pin=HD-1
Added Pin To Net: NetName=VCC Pin=HD-2
Added Pin To Net: NetName=GND Pin=HD-4
Added Pin To Net: NetName=NetC_2 Pin=HD-5
Added Pin To Net: NetName=GND Pin=HD-6
Added Pin To Net: NetName=NetHD_7 Pin=HD-7
Added Pin To Net: NetName=GND Pin=HD-8
Added Pin To Net: NetName=NetHD_9 Pin=HD-9
Added Pin To Net: NetName=GND Pin=HD-10
Added Pin To Net: NetName=NetLED1_1 Pin=LED1-1
Added Pin To Net: NetName=GND Pin=LED1-2
Added Pin To Net: NetName=NetLED2_1 Pin=LED2-1
Added Pin To Net: NetName=GND Pin=LED2-2
Added Pin To Net: NetName=NetLED_1 Pin=LED-1
Added Pin To Net: NetName=VCC Pin=R1-2
Added Pin To Net: NetName=GND Pin=R2-1
Added Pin To Net: NetName=NetC_2 Pin=R2-2
Added Pin To Net: NetName=NetLED_1 Pin=R3-1
Added Pin To Net: NetName=VCC Pin=R3-2
Added Pin To Net: NetName=NetLED1_1 Pin=R4-2
Added Pin To Net: NetName=NetLED2_1 Pin=R5-2
Added Pin To Net: NetName=GND Pin=R6-1
Added Pin To Net: NetName=GND Pin=R7-1
Added Pin To Net: NetName=VCC Pin=SW1-1
Added Pin To Net: NetName=VCC Pin=SW2-1
Added Pin To Net: NetName=NetC_2 Pin=SW-2
Added Pin To Net: NetName=NetHD_1 Pin=U?-1
Added Pin To Net: NetName=NetHD_9 Pin=U?-2
Added Pin To Net: NetName=NetHD_7 Pin=U?-3
Added Pin To Net: NetName=NetC_2 Pin=U?-4
Added Pin To Net: NetName=GND Pin=U?-16
Added Pin To Net: NetName=GND Pin=U?-17
Added Pin To Net: NetName=VCC Pin=U?-29
Added Pin To Net: NetName=VCC Pin=U?-38
Added Pin To Net: NetName=NetC1_2 Pin=C1-2
Added Pin To Net: NetName=NetC1_2 Pin=U?-14
Added Pin To Net: NetName=NetC1_2 Pin=X-2
Added Net: Name=NetC1_2
Added Pin To Net: NetName=NetC2_2 Pin=C2-2
Added Pin To Net: NetName=NetC2_2 Pin=U?-15
Added Pin To Net: NetName=NetC2_2 Pin=X-1
Added Net: Name=NetC2_2
Added Pin To Net: NetName=NetR1_1 Pin=R1-1
Added Pin To Net: NetName=NetR1_1 Pin=SW-1
Added Net: Name=NetR1_1
Added Pin To Net: NetName=NetR4_1 Pin=R4-1
Added Pin To Net: NetName=NetR4_1 Pin=U?-37
Added Net: Name=NetR4_1
Added Pin To Net: NetName=NetR5_1 Pin=R5-1
Added Pin To Net: NetName=NetR5_1 Pin=U?-34
Added Net: Name=NetR5_1
Added Pin To Net: NetName=NetR6_2 Pin=R6-2
Added Pin To Net: NetName=NetR6_2 Pin=SW1-2
Added Pin To Net: NetName=NetR6_2 Pin=U?-8
Added Net: Name=NetR6_2
Added Pin To Net: NetName=NetR7_2 Pin=R7-2
Added Pin To Net: NetName=NetR7_2 Pin=SW2-2
Added Pin To Net: NetName=NetR7_2 Pin=U?-10
Added Net: Name=NetR7_2
Added Member To Class: ClassName=Schematic Member=Component C1 33pF
Added Member To Class: ClassName=Schematic Member=Component C2 33pF
Added Member To Class: ClassName=Schematic Member=Component C 100uF
Added Member To Class: ClassName=Schematic Member=Component HD Header 5x2
Added Member To Class: ClassName=Schematic Member=Component LED1
Added Member To Class: ClassName=Schematic Member=Component LED2 LED
Added Member To Class: ClassName=Schematic Member=Component LED
Added Member To Class: ClassName=Schematic Member=Component R1 100
Added Member To Class: ClassName=Schematic Member=Component R2 8.2k
Added Member To Class: ClassName=Schematic Member=Component R3 220
Added Member To Class: ClassName=Schematic Member=Component R4 220
Added Member To Class: ClassName=Schematic Member=Component R5 220
Added Member To Class: ClassName=Schematic Member=Component R6 10k
Added Member To Class: ClassName=Schematic Member=Component R7 10k
Added Member To Class: ClassName=Schematic Member=Component SW1 
Added Member To Class: ClassName=Schematic Member=Component SW2 
Added Member To Class: ClassName=Schematic Member=Component SW 
Added Member To Class: ClassName=Schematic Member=Component U? AT89S52-24AU
Added Member To Class: ClassName=Schematic Member=Component X 12Mhz
Added Room: Name=Schematic
